d:\cody\mygames\rpgbattles\rpgbattles\consoleapplication1\debug\rpgbattles.pch
d:\cody\mygames\rpgbattles\rpgbattles\consoleapplication1\debug\vc140.pdb
d:\cody\mygames\rpgbattles\rpgbattles\consoleapplication1\debug\vc140.idb
d:\cody\mygames\rpgbattles\rpgbattles\consoleapplication1\debug\stdafx.obj
d:\cody\mygames\rpgbattles\rpgbattles\consoleapplication1\debug\card.obj
d:\cody\mygames\rpgbattles\rpgbattles\consoleapplication1\debug\carddeck.obj
d:\cody\mygames\rpgbattles\rpgbattles\consoleapplication1\debug\cardgame.obj
d:\cody\mygames\rpgbattles\rpgbattles\consoleapplication1\debug\rpgbattles.obj
d:\cody\mygames\rpgbattles\rpgbattles\consoleapplication1\debug\character.obj
d:\cody\mygames\rpgbattles\rpgbattles\consoleapplication1\debug\player.obj
d:\cody\mygames\rpgbattles\rpgbattles\consoleapplication1\debug\attackset.obj
d:\cody\mygames\rpgbattles\rpgbattles\consoleapplication1\debug\postgame.obj
d:\cody\mygames\rpgbattles\rpgbattles\consoleapplication1\debug\savedata.obj
d:\cody\mygames\rpgbattles\rpgbattles\consoleapplication1\debug\common.obj
d:\cody\mygames\rpgbattles\rpgbattles\consoleapplication1\debug\stringevaluator.obj
d:\cody\mygames\rpgbattles\rpgbattles\consoleapplication1\debug\world.obj
d:\cody\mygames\rpgbattles\rpgbattles\consoleapplication1\debug\level.obj
d:\cody\mygames\rpgbattles\rpgbattles\consoleapplication1\debug\region.obj
d:\cody\mygames\rpgbattles\rpgbattles\consoleapplication1\debug\dungeon.obj
d:\cody\mygames\rpgbattles\rpgbattles\debug\rpgbattles.ilk
d:\cody\mygames\rpgbattles\rpgbattles\debug\rpgbattles.exe
d:\cody\mygames\rpgbattles\rpgbattles\debug\rpgbattles.pdb
d:\cody\mygames\rpgbattles\rpgbattles\consoleapplication1\debug\rpgbattles.res
d:\cody\mygames\rpgbattles\rpgbattles\consoleapplication1\debug\card1.obj
d:\cody\mygames\rpgbattles\rpgbattles\consoleapplication1\debug\card2.obj
d:\cody\mygames\rpgbattles\rpgbattles\consoleapplication1\debug\card3.obj
d:\cody\mygames\rpgbattles\rpgbattles\consoleapplication1\debug\card4.obj
d:\cody\mygames\rpgbattles\rpgbattles\consoleapplication1\debug\character_null.obj
d:\cody\mygames\rpgbattles\rpgbattles\consoleapplication1\debug\charset.obj
d:\cody\mygames\rpgbattles\rpgbattles\consoleapplication1\debug\consoleapplication1.obj
d:\cody\mygames\rpgbattles\rpgbattles\consoleapplication1\debug\firestorm.obj
d:\cody\mygames\rpgbattles\rpgbattles\consoleapplication1\debug\manticore.obj
d:\cody\mygames\rpgbattles\rpgbattles\consoleapplication1\debug\monster.obj
d:\cody\mygames\rpgbattles\rpgbattles\consoleapplication1\debug\nullattackset.obj
d:\cody\mygames\rpgbattles\rpgbattles\consoleapplication1\debug\nullcard.obj
d:\cody\mygames\rpgbattles\rpgbattles\consoleapplication1\debug\playerdata.obj
d:\cody\mygames\rpgbattles\rpgbattles\consoleapplication1\debug\tailslash.obj
d:\cody\mygames\rpgbattles\rpgbattles\consoleapplication1\debug\typhoon.obj
d:\cody\mygames\rpgbattles\rpgbattles\consoleapplication1\debug\vampire.obj
d:\cody\mygames\rpgbattles\rpgbattles\consoleapplication1\debug\carddeck.obj.enc
d:\cody\mygames\rpgbattles\rpgbattles\consoleapplication1\debug\cardgame.obj.enc
d:\cody\mygames\rpgbattles\rpgbattles\consoleapplication1\debug\character.obj.enc
d:\cody\mygames\rpgbattles\rpgbattles\consoleapplication1\debug\savedata.obj.enc
d:\cody\mygames\rpgbattles\rpgbattles\consoleapplication1\debug\consoleapplication1.res
d:\cody\mygames\rpgbattles\rpgbattles\consoleapplication1\debug\cardgame.pch
d:\cody\mygames\rpgbattles\rpgbattles\consoleapplication1\debug\consoleapplication1.pch
d:\cody\mygames\rpgbattles\rpgbattles\consoleapplication1\debug\rpgbattles.tlog\cl.command.1.tlog
d:\cody\mygames\rpgbattles\rpgbattles\consoleapplication1\debug\rpgbattles.tlog\cl.read.1.tlog
d:\cody\mygames\rpgbattles\rpgbattles\consoleapplication1\debug\rpgbattles.tlog\cl.write.1.tlog
d:\cody\mygames\rpgbattles\rpgbattles\consoleapplication1\debug\rpgbattles.tlog\link.command.1.tlog
d:\cody\mygames\rpgbattles\rpgbattles\consoleapplication1\debug\rpgbattles.tlog\link.read.1.tlog
d:\cody\mygames\rpgbattles\rpgbattles\consoleapplication1\debug\rpgbattles.tlog\link.write.1.tlog
d:\cody\mygames\rpgbattles\rpgbattles\consoleapplication1\debug\rpgbattles.tlog\rc.command.1.tlog
d:\cody\mygames\rpgbattles\rpgbattles\consoleapplication1\debug\rpgbattles.tlog\rc.read.1.tlog
d:\cody\mygames\rpgbattles\rpgbattles\consoleapplication1\debug\rpgbattles.tlog\rc.write.1.tlog
